584245560065:ENCOLADO ans_a53e563b-4f11-48c5-a254-4b17bb552962
EJECUTANDO:ans_a53e563b-4f11-48c5-a254-4b17bb552962
584245560065:SUCCESS
584245560065:ENCOLADO ans_4e566a14-1fc2-484b-a591-146d2c1e8f60
EJECUTANDO:ans_4e566a14-1fc2-484b-a591-146d2c1e8f60
584245560065:SUCCESS
584245560065:ENCOLADO ans_89cbee67-1584-4911-82f1-05d9e309d6a7
EJECUTANDO:ans_89cbee67-1584-4911-82f1-05d9e309d6a7
584245560065:SUCCESS
584245560065:ENCOLADO ans_a53e563b-4f11-48c5-a254-4b17bb552962
EJECUTANDO:ans_a53e563b-4f11-48c5-a254-4b17bb552962
584245560065:SUCCESS
584245560065:ENCOLADO ans_4e566a14-1fc2-484b-a591-146d2c1e8f60
EJECUTANDO:ans_4e566a14-1fc2-484b-a591-146d2c1e8f60
584245560065:SUCCESS
584245560065:ENCOLADO ans_3917490d-fcec-452c-82f2-7c8330e7b22d
EJECUTANDO:ans_3917490d-fcec-452c-82f2-7c8330e7b22d
584245560065:SUCCESS
584245560065:ENCOLADO ans_a53e563b-4f11-48c5-a254-4b17bb552962
EJECUTANDO:ans_a53e563b-4f11-48c5-a254-4b17bb552962
584245560065:SUCCESS
584245560065:ENCOLADO ans_4e566a14-1fc2-484b-a591-146d2c1e8f60
EJECUTANDO:ans_4e566a14-1fc2-484b-a591-146d2c1e8f60
584245560065:SUCCESS
584245560065:ENCOLADO ans_a122ea25-9952-4838-81ed-658f8a4e95cf
EJECUTANDO:ans_a122ea25-9952-4838-81ed-658f8a4e95cf
584245560065:SUCCESS
584245560065:ENCOLADO ans_a53e563b-4f11-48c5-a254-4b17bb552962
EJECUTANDO:ans_a53e563b-4f11-48c5-a254-4b17bb552962
584245560065:SUCCESS
584245560065:ENCOLADO ans_4e566a14-1fc2-484b-a591-146d2c1e8f60
EJECUTANDO:ans_4e566a14-1fc2-484b-a591-146d2c1e8f60
584245560065:SUCCESS
584245560065:ENCOLADO ans_b0e4d9ab-7a91-4b2f-8b28-984fb18f9e39
EJECUTANDO:ans_b0e4d9ab-7a91-4b2f-8b28-984fb18f9e39
584245560065:SUCCESS
